{"name":"qr-analysis-api","hostname":"DESKTOP-I876UK9","pid":19336,"level":30,"Q":[[1,0],[0,1]],"R":[[2,0],[0,2]],"msg":"Solicitud recibida para análisis de matrices","time":"2025-05-17T02:11:20.045Z","v":0}
{"name":"qr-analysis-api","hostname":"DESKTOP-I876UK9","pid":19336,"level":30,"stats":{"max":2,"min":0,"average":0.75,"sum":6,"isDiagonal":true},"msg":"Resultado del análisis de matrices","time":"2025-05-17T02:11:20.046Z","v":0}
{"name":"qr-analysis-api","hostname":"DESKTOP-I876UK9","pid":19336,"level":30,"Q":[[1,0],[0,1]],"R":[[2,0],[0,""]],"msg":"Solicitud recibida para análisis de matrices","time":"2025-05-17T02:11:49.748Z","v":0}
{"name":"qr-analysis-api","hostname":"DESKTOP-I876UK9","pid":19336,"level":30,"stats":{"max":2,"min":0,"average":0.5,"sum":"4","isDiagonal":true},"msg":"Resultado del análisis de matrices","time":"2025-05-17T02:11:49.748Z","v":0}
{"name":"qr-analysis-api","hostname":"DESKTOP-I876UK9","pid":19336,"level":30,"Q":[[1,0],[0,1]],"R":[[2,0],[0,"a"]],"msg":"Solicitud recibida para análisis de matrices","time":"2025-05-17T02:12:06.513Z","v":0}
{"name":"qr-analysis-api","hostname":"DESKTOP-I876UK9","pid":19336,"level":30,"stats":{"max":null,"min":null,"average":null,"sum":"4a","isDiagonal":true},"msg":"Resultado del análisis de matrices","time":"2025-05-17T02:12:06.514Z","v":0}
{"name":"qr-analysis-api","hostname":"DESKTOP-I876UK9","pid":19336,"level":30,"Q":[[1,0],[0,1]],"msg":"Solicitud recibida para análisis de matrices","time":"2025-05-17T02:12:20.661Z","v":0}
{"name":"qr-analysis-api","hostname":"DESKTOP-I876UK9","pid":19336,"level":40,"msg":"Matrices Q o R faltantes en la solicitud","time":"2025-05-17T02:12:20.661Z","v":0}
{"name":"qr-analysis-api","hostname":"DESKTOP-I876UK9","pid":19336,"level":30,"msg":"Solicitud recibida para análisis de matrices","time":"2025-05-17T02:13:34.808Z","v":0}
{"name":"qr-analysis-api","hostname":"DESKTOP-I876UK9","pid":19336,"level":40,"msg":"Matrices Q o R faltantes en la solicitud","time":"2025-05-17T02:13:34.808Z","v":0}
{"name":"qr-analysis-api","hostname":"DESKTOP-I876UK9","pid":22020,"level":50,"error":{},"msg":"Error al procesar matrices","time":"2025-05-17T02:15:45.525Z","v":0}
{"name":"qr-analysis-api","hostname":"DESKTOP-I876UK9","pid":9004,"level":30,"stats":{"max":2,"min":0,"average":0.75,"sum":6,"isDiagonal":true},"msg":"Resultado del análisis de matrices","time":"2025-05-17T02:20:39.546Z","v":0}
{"name":"qr-analysis-api","hostname":"DESKTOP-I876UK9","pid":7460,"level":50,"error":{},"matrices":[[["",0],[0,1]],[[2,0],[0,2]]],"msg":"Error en getMatrixStats","time":"2025-05-17T02:21:17.665Z","v":0}
{"name":"qr-analysis-api","hostname":"DESKTOP-I876UK9","pid":7460,"level":50,"error":{},"msg":"Error al procesar matrices","time":"2025-05-17T02:21:17.666Z","v":0}
{"name":"qr-analysis-api","hostname":"DESKTOP-I876UK9","pid":7460,"level":50,"error":{},"matrices":[[["a",0],[0,1]],[[2,0],[0,2]]],"msg":"Error en getMatrixStats","time":"2025-05-17T02:24:21.927Z","v":0}
{"name":"qr-analysis-api","hostname":"DESKTOP-I876UK9","pid":7460,"level":50,"error":{},"msg":"Error al procesar matrices","time":"2025-05-17T02:24:21.928Z","v":0}
{"name":"qr-analysis-api","hostname":"DESKTOP-I876UK9","pid":7460,"level":50,"error":{},"matrices":[[["a",0],[0,1]],[[2,0],[0,2]]],"msg":"Error en getMatrixStats","time":"2025-05-17T02:24:27.270Z","v":0}
{"name":"qr-analysis-api","hostname":"DESKTOP-I876UK9","pid":7460,"level":50,"error":{},"msg":"Error al procesar matrices","time":"2025-05-17T02:24:27.270Z","v":0}
{"name":"qr-analysis-api","hostname":"DESKTOP-I876UK9","pid":21268,"level":30,"stats":{"max":2,"min":0,"average":0.75,"sum":6,"isDiagonal":true},"msg":"Resultado del análisis de matrices","time":"2025-05-17T02:36:22.950Z","v":0}
{"name":"qr-analysis-api","hostname":"DESKTOP-I876UK9","pid":21268,"level":40,"msg":"Matrices Q o R faltantes en la solicitud","time":"2025-05-17T02:36:22.980Z","v":0}
{"name":"qr-analysis-api","hostname":"DESKTOP-I876UK9","pid":21268,"level":50,"error":{},"matrices":[[["a",0],[0,1]],[[2,0],[0,2]]],"msg":"Error en getMatrixStats","time":"2025-05-17T02:36:22.990Z","v":0}
{"name":"qr-analysis-api","hostname":"DESKTOP-I876UK9","pid":21268,"level":50,"error":{},"msg":"Error al procesar matrices","time":"2025-05-17T02:36:22.990Z","v":0}
{"name":"qr-analysis-api","hostname":"DESKTOP-I876UK9","pid":16428,"level":50,"error":{},"matrices":["[[1, 0], [0, 1]]","[[2, 0], [0, 2]]"],"msg":"Error en getMatrixStats","time":"2025-05-17T04:49:34.486Z","v":0}
{"name":"qr-analysis-api","hostname":"DESKTOP-I876UK9","pid":16428,"level":50,"error":{},"msg":"Error al procesar matrices","time":"2025-05-17T04:49:34.487Z","v":0}
{"name":"qr-analysis-api","hostname":"DESKTOP-I876UK9","pid":16428,"level":30,"stats":{"max":2,"min":0,"average":0.75,"sum":6,"isDiagonal":true},"msg":"Resultado del análisis de matrices","time":"2025-05-17T04:50:41.863Z","v":0}
{"name":"qr-analysis-api","hostname":"DESKTOP-I876UK9","pid":16428,"level":30,"stats":{"max":2,"min":0,"average":0.75,"sum":6,"isDiagonal":true},"msg":"Resultado del análisis de matrices","time":"2025-05-17T04:55:32.925Z","v":0}
{"name":"qr-analysis-api","hostname":"DESKTOP-I876UK9","pid":22268,"level":40,"msg":"Matrices Q o R faltantes en la solicitud","time":"2025-05-17T16:50:08.182Z","v":0}
{"name":"qr-analysis-api","hostname":"DESKTOP-I876UK9","pid":22268,"level":40,"msg":"Matrices Q o R faltantes en la solicitud","time":"2025-05-17T16:51:09.427Z","v":0}
{"name":"qr-analysis-api","hostname":"DESKTOP-I876UK9","pid":22268,"level":40,"msg":"Matrices Q o R faltantes en la solicitud","time":"2025-05-17T16:51:09.490Z","v":0}
{"name":"qr-analysis-api","hostname":"DESKTOP-I876UK9","pid":22268,"level":30,"stats":{"max":4.427188724235731,"min":-0.3162277660168383,"average":1.2649110640673518,"sum":10.119288512538814,"isDiagonal":false},"msg":"Resultado del análisis de matrices","time":"2025-05-17T16:54:05.792Z","v":0}
{"name":"qr-analysis-api","hostname":"DESKTOP-I876UK9","pid":22268,"level":30,"stats":{"max":4.427188724235731,"min":-0.3162277660168383,"average":1.2649110640673518,"sum":10.119288512538814,"isDiagonal":false},"msg":"Resultado del análisis de matrices","time":"2025-05-17T16:54:34.042Z","v":0}
{"name":"qr-analysis-api","hostname":"DESKTOP-I876UK9","pid":22268,"level":30,"stats":{"max":4.427188724235731,"min":-0.3162277660168383,"average":1.2649110640673518,"sum":10.119288512538814,"isDiagonal":false},"msg":"Resultado del análisis de matrices","time":"2025-05-17T16:55:23.636Z","v":0}
{"name":"qr-analysis-api","hostname":"DESKTOP-I876UK9","pid":22268,"level":30,"stats":{"max":4.427188724235731,"min":-0.3162277660168383,"average":1.2649110640673518,"sum":10.119288512538814,"isDiagonal":false},"msg":"Resultado del análisis de matrices","time":"2025-05-17T16:55:54.115Z","v":0}
{"name":"qr-analysis-api","hostname":"DESKTOP-I876UK9","pid":22268,"level":30,"stats":{"max":4.427188724235731,"min":-0.3162277660168383,"average":1.2649110640673518,"sum":10.119288512538814,"isDiagonal":false},"msg":"Resultado del análisis de matrices","time":"2025-05-17T16:58:59.188Z","v":0}
{"name":"qr-analysis-api","hostname":"DESKTOP-I876UK9","pid":22268,"level":30,"stats":{"max":4.427188724235731,"min":-0.3162277660168383,"average":1.2649110640673518,"sum":10.119288512538814,"isDiagonal":false},"msg":"Resultado del análisis de matrices","time":"2025-05-17T17:00:54.265Z","v":0}
{"name":"qr-analysis-api","hostname":"DESKTOP-I876UK9","pid":22268,"level":30,"stats":{"max":4.427188724235731,"min":-0.3162277660168383,"average":1.2649110640673518,"sum":10.119288512538814,"isDiagonal":false},"msg":"Resultado del análisis de matrices","time":"2025-05-17T17:03:24.911Z","v":0}
{"name":"qr-analysis-api","hostname":"DESKTOP-I876UK9","pid":22268,"level":30,"stats":{"max":7.437357441610946,"min":-0.34503277967117685,"average":1.6530872225643543,"sum":16.53087222564354,"isDiagonal":false},"msg":"Resultado del análisis de matrices","time":"2025-05-17T17:04:13.400Z","v":0}
{"name":"qr-analysis-api","hostname":"DESKTOP-I876UK9","pid":22268,"level":30,"stats":{"max":21.66945355543846,"min":-0.8735574618739964,"average":3.1245987938964266,"sum":99.98716140468565,"isDiagonal":false},"msg":"Resultado del análisis de matrices","time":"2025-05-17T17:04:50.527Z","v":0}
{"name":"qr-analysis-api","hostname":"DESKTOP-I876UK9","pid":22268,"level":30,"stats":{"max":9.412339705318956,"min":-0.15205718425394252,"average":2.055196406671763,"sum":30.827946100076446,"isDiagonal":false},"msg":"Resultado del análisis de matrices","time":"2025-05-17T17:05:53.806Z","v":0}
{"name":"qr-analysis-api","hostname":"DESKTOP-I876UK9","pid":15352,"level":30,"stats":{"max":9.412339705318956,"min":-0.15205718425394252,"average":2.055196406671763,"sum":30.827946100076446,"isDiagonal":false},"msg":"Resultado del análisis de matrices","time":"2025-05-17T17:37:51.228Z","v":0}
{"name":"qr-analysis-api","hostname":"DESKTOP-I876UK9","pid":15352,"level":30,"stats":{"max":9.412339705318956,"min":-0.15205718425394252,"average":2.055196406671763,"sum":30.827946100076446,"isDiagonal":false},"msg":"Resultado del análisis de matrices","time":"2025-05-17T17:38:03.496Z","v":0}
{"name":"qr-analysis-api","hostname":"DESKTOP-I876UK9","pid":15352,"level":30,"stats":{"max":9.412339705318956,"min":-0.15205718425394252,"average":2.055196406671763,"sum":30.827946100076446,"isDiagonal":false},"msg":"Resultado del análisis de matrices","time":"2025-05-17T17:38:08.278Z","v":0}
{"name":"qr-analysis-api","hostname":"DESKTOP-I876UK9","pid":15352,"level":30,"stats":{"max":9.412339705318956,"min":-0.15205718425394252,"average":2.055196406671763,"sum":30.827946100076446,"isDiagonal":false},"msg":"Resultado del análisis de matrices","time":"2025-05-17T17:38:29.997Z","v":0}
{"name":"qr-analysis-api","hostname":"DESKTOP-I876UK9","pid":21256,"level":30,"stats":{"max":9.412339705318956,"min":-0.15205718425394252,"average":2.055196406671763,"sum":30.827946100076446,"isDiagonal":false},"msg":"Resultado del análisis de matrices","time":"2025-05-17T17:51:18.102Z","v":0}
{"name":"qr-analysis-api","hostname":"DESKTOP-I876UK9","pid":21256,"level":30,"stats":{"max":9.412339705318956,"min":-0.15205718425394252,"average":2.055196406671763,"sum":30.827946100076446,"isDiagonal":false},"msg":"Resultado del análisis de matrices","time":"2025-05-17T17:51:18.115Z","v":0}
{"name":"qr-analysis-api","hostname":"DESKTOP-I876UK9","pid":8388,"level":30,"stats":{"max":9.412339705318956,"min":-0.15205718425394252,"average":2.055196406671763,"sum":30.827946100076446,"isDiagonal":false},"msg":"Resultado del análisis de matrices","time":"2025-05-17T18:19:22.758Z","v":0}
